[13:53:59.511] Connecting to 51.254.85.134:7776..
[13:54:00.406] Connected. Joining the game...
[13:54:00.593] [RAKSAMP] Bad nickname. Changing name to juicyrice_wYKt
[13:54:00.596] [RAKSAMP] Connection was closed by the server. Reconnecting in 2 seconds.
[13:54:02.599] Connecting to 51.254.85.134:7776..
[13:54:03.525] Connected. Joining the game...
[13:54:03.713] [GAMETEXT] ~g~UIF~n~~w~United Islands Freeroam~n~~n~~g~Build: ~w~138~n~~g~Build Date: ~w~11.2.2019
[13:54:07.112] Disconnected.
[13:54:08.801] Connecting to 51.254.85.134:7776..
[13:54:09.690] Connected. Joining the game...
[13:54:09.875] [RAKSAMP] Bad nickname. Changing name to juicyrice_m3oV
[13:54:09.876] [RAKSAMP] Connection was closed by the server. Reconnecting in 2 seconds.
[13:54:11.472] Disconnected.
[13:54:14.162] Connecting to 51.254.85.134:7776..
[13:54:15.078] Connected. Joining the game...
[13:54:15.265] [RAKSAMP] Bad nickname. Changing name to juicyrice_OxkH
[13:54:15.266] [RAKSAMP] Connection was closed by the server. Reconnecting in 2 seconds.
[13:54:16.665] Disconnected.
[13:55:01.415] Connecting to 51.254.85.134:7776..
[13:55:02.365] Connected. Joining the game...
[13:55:05.587] [RAKSAMP] Bad nickname. Changing name to juicyrice_hVoU
[13:55:05.589] [RAKSAMP] Connection was closed by the server. Reconnecting in 2 seconds.
[13:55:07.592] Connecting to 51.254.85.134:7776..
[13:55:08.496] Connected. Joining the game...
[13:55:08.683] [GAMETEXT] ~g~UIF~n~~w~United Islands Freeroam~n~~n~~g~Build: ~w~138~n~~g~Build Date: ~w~11.2.2019
[13:55:12.702] Connected to UIF - United Islands Freeroam [build 138]
[13:55:12.706] Please write !spawn into the console when you're ready to spawn.
[13:55:13.179] [CHAT] [PW]DarkFantasy: (86) this monster truck
[13:55:13.265] [CHAT] Anders.HU: (169) gampang
[13:55:13.269] [CHAT] meme2013: (142) nemidini sxs chiye?
[13:55:13.272] [AUDIO_STREAM] http://www.uifserver.net/play/intro.mp3
[13:55:14.296] [CHAT] Chracter: (41) wanna gwar here
[13:55:14.442] [CHAT] Anders.HU: (169)  /cam
[13:55:15.904] [CHAT] Aiman.: (230) siapaka anda?
[13:55:16.042] [CHAT] tango99: (206) kau mlsa
[13:55:17.318] [CHAT] KaroNia: (152) kucing biasa
[13:55:17.330] [CHAT] [PW]DarkFantasy: (86) press g
[13:55:18.012] [CHAT] KING.MOEIN: (192) stop car
[13:55:18.321] [CHAT] [U]sama: (98) pak
[13:55:18.719] [CHAT] killer2341: (157) both?
[13:55:20.584] [CHAT] Kayla_OX: (137) ok 
[13:55:21.120] [CHAT] killer2341: (157) oh
[13:55:24.565] [CHAT] [PW]DarkFantasy: (86) let me show you
[13:55:25.732] [CHAT] Amir_Gamer: (223) sex midonam sxs na
[13:55:27.094] [CHAT] Rinse.: (167) hahahahhah
[13:55:28.476] [CHAT] LianaPutri: (88) kalo aku anggora
[13:55:33.038] [CHAT] Toxik_tmp1: (62) HAH
[13:55:33.075] [CHAT] [B]ehi[B]ehi[DFC]: (24) h
[13:55:33.207] [CHAT] Ayana_tmp2: (90) lokasi dimana?
[13:55:35.431] [CHAT] PS4IStheBESTBOI: (132) need member go 212
[13:55:36.179] [CHAT] ChaoticCanine: (204) still on jail~~~~~
[13:55:36.816] [CHAT] [U]sama: (98) or tum
[13:55:37.043] [CHAT] ._alizvl_.: (163) XD
[13:55:37.635] [CHAT] [PW]Akon_: (212) Need Member Pro /Go 212__
[13:55:37.985] [CHAT] Kayla_OX: (137) mau kemana
[13:55:38.395] [CHAT] AmenNationz: (105) damnnation where are u?/
[13:55:39.812] [CHAT] aziri: (165) xd
[13:55:40.761] [CHAT] meme2013: (142) aha manzoram hamone
[13:55:40.983] [CHAT] [DFBI]RED_DEVIL: (100) de javu
[13:55:41.403] [CMSG] * Online players: 231
[13:55:41.407] [CMSG] * Go to www.uifserver.net/vip for information about Very Important Player (VIP)
[13:55:42.785] [CHAT] rizwan_tmp0: (213) jnbmttttttttttttttttttttttttt
[13:55:43.039] [CHAT] [PW]Akon_: (212) Need Member Pro /Go 212__Need Member Pro /Go 212__Need Member Pro /Go 212__Need Member Pro /Go 212__Need Member Pro /Go 212__Nee
[13:55:44.743] [CHAT] KaroNia: (152) owh
[13:55:45.838] [CHAT] rizwan_tmp0: (213) thhth 
[13:55:45.933] [CHAT] Aiman.: (230) aku sedang mencari lianaputri untuk memperkosa dia!
[13:55:46.720] [CHAT] mukuzz_tmp4: (42) LAki Gay
[13:55:47.098] [CHAT] rizwan_tmp0: (213) fh
[13:55:48.442] [CHAT] rizwan_tmp0: (213) htht
[13:55:50.874] [CHAT] killer2341: (157) here no paki or indian i can take you to them
[13:55:52.919] [CHAT] ._alizvl_.: (163) mage miad
[13:55:54.172] [CHAT] ._alizvl_.: (163) in 
[13:55:56.354] [CHAT] aziri: (165)  
[13:55:56.729] [CHAT] KING.MOEIN: (192) hi
[13:55:58.198] [CHAT] LianaPutri: (88) lindungi aku pliss
[13:55:58.544] [CHAT] Rinse.: (167) serupo la dengan syahir
[13:55:58.795] [CHAT] ._alizvl_.: (163) kotah konande link
[13:55:59.806] [CHAT] F.B.I_tmp2: (101) mama inne (/isc) wala
[13:56:08.309] [CMSG] GROUP ZONE WAR: Group Zone War started in "Pershing Square". "_!_King_!_pRo_!_killers" VS "187 Massacre"
[13:56:08.409] [CHAT] KING.MOEIN: (192) come my car
[13:56:09.784] [CHAT] tango99: (206) apa tu
[13:56:11.074] [CHAT] Aiman.: (230) jom go id 88
[13:56:13.758] [CHAT] KaroNia: (152) apa
[13:56:13.984] [CHAT] [U]sama: (98) oky 
[13:56:14.564] [CHAT] Kayla_OX: (137) siap saja
[13:56:14.821] [CHAT] Amir_Gamer: (223) khob hala ke chi
[13:56:18.232] [CHAT] Aiman.: (230) pstu rogol dia
[13:56:19.800] [CHAT] Rinse.: (167) tutup
[13:56:20.404] [CHAT] KaroNia: (152) kucingku gede dong
[13:56:21.503] [CHAT] killer2341: (157) wtf they all /gos
[13:56:22.732] [CHAT] [IND]SQUAD[GAMER]: (147) asked the chairman first
[13:56:23.363] [CHAT] tango99: (206) mcm mana
[13:56:26.381] [CHAT] [PW]Akon_: (212) Need Member Pro /Go 212__Need Member Pro /Go 212__Need Member Pro /Go 212__Need Member Pro /Go 212__Need Member Pro /Go 212__Nee
[13:56:28.014] [CHAT] killer2341: (157) hmm
[13:56:28.180] [CHAT] [U]sama: (98) tum pakistan sy ho
[13:56:29.814] [CHAT] LianaPutri: (88) punyaku juga
[13:56:30.224] [CHAT] (M)0jtaba_: (170)  
[13:56:30.668] [CHAT] meme2013: (142) to gta baladi?
[13:56:30.891] [CHAT] chto: (208) fuck
[13:56:32.187] [CHAT] Aiman.: (230) hmm
[13:56:36.226] [CHAT] Amir_Gamer: (223) no
[13:56:49.485] [RAKSAMP] The connection was lost. Reconnecting in 2 seconds.
[13:56:51.498] Connecting to 51.254.85.134:7776..
[13:56:52.401] Connected. Joining the game...
[13:56:52.597] [GAMETEXT] ~g~UIF~n~~w~United Islands Freeroam~n~~n~~g~Build: ~w~138~n~~g~Build Date: ~w~11.2.2019
[13:56:56.564] Connected to UIF - United Islands Freeroam [build 138]
[13:56:57.047] [CHAT] tango99: (206) aku ke
[13:56:58.812] [CHAT] meme2013: (142) to vagheat sex kardi?
[13:57:03.843] [CHAT] LianaPutri: (88) lindungi aku
[13:57:05.192] [CHAT] killer2341: (157) zeeshan even u too?
[13:57:05.442] [CHAT] [AK]Zeeshan: (65) ok
[13:57:06.964] [CHAT] Rinse.: (167) rahsia
[13:57:10.847] [CHAT] killer2341: (157) zeeshan /gos
[13:57:11.873] [CHAT] [U]sama: (98) idk
[13:57:13.182] [CHAT] killer2341: (157) or /go me
[13:57:13.557] [CHAT] KaroNia: (152) lindungi kamu buat apa
[13:57:16.765] [CHAT] Amir_Gamer: (223) chi?
[13:57:18.110] [CHAT] Aiman.: (230) gitau sebelum aq rogol kau!
[13:57:18.211] [CHAT] highland: (183) ado kumod follow me
[13:57:21.785] [CHAT] LianaPutri: (88) dari AIMAN mau perkosa aku
[13:57:23.186] [CHAT] [DFBI]RED_DEVIL: (100)  
[13:57:23.564] [CHAT] [iDN]youknown: (99) `
[13:57:24.373] [CHAT] tango99: (206) hahahaa
[13:57:27.454] [CHAT] [U]sama: (98) oky
[13:57:27.549] [CHAT] ChaoticCanine: (204) ___________________________IM STILL IN JAIL DAMNIT____________________________
[13:57:28.300] [CHAT] KaroNia: (152) owh
[13:57:29.387] [CHAT] killer2341: (157) ur not in sa
[13:57:29.514] [CHAT] [iDN]Falsdown: (44) \
[13:57:30.264] [CHAT] Kayla_OX: (137) hmm 
[13:57:32.036] [CHAT] meme2013: (142) to zendgi khodet sex kardi?
[13:57:34.059] [CHAT] bycowboy: (66)  ¦
[13:57:34.289] [CHAT] tango99: (206) kunyit eh
[13:57:35.005] [CHAT] killer2341: (157) im freeroam
[13:57:35.753] Disconnected.
[13:57:35.932] [RAKSAMP] Connection was closed by the server. Reconnecting in 2 seconds.
